<?xml version="1.0" encoding="UTF-8"?>
<!-- Generated by org.testng.reporters.JUnitXMLReporter -->
<testsuite hostname="LAPTOP-K8J9AS79" failures="0" tests="5" name="Default test" time="81.487" errors="0" timestamp="11 Mar 2024 15:06:59 GMT">
  <testcase classname="TestRunner.Run" name="runScenario" time="6.966"/>
  <testcase classname="TestRunner.Run" name="runScenario" time="15.767"/>
  <testcase classname="TestRunner.Run" name="runScenario" time="6.857"/>
  <testcase classname="TestRunner.Run" name="runScenario" time="24.1"/>
  <testcase classname="TestRunner.Run" name="runScenario" time="26.564"/>
</testsuite> <!-- Default test -->
