<?xml version="1.0" encoding="UTF-8"?>
<testsuite xmlns:xsi="http://www.w3.org/2001/XMLSchema-instance" xsi:noNamespaceSchemaLocation="https://maven.apache.org/surefire/maven-surefire-plugin/xsd/surefire-test-report-3.0.xsd" version="3.0" name="TestRunner.Run" time="10.832" tests="1" errors="0" skipped="0" failures="0">
  <properties>
[...]
</properties>
  <testcase name="runScenario[&quot;Successful Login with Valid Credentials&quot;, &quot;Optional[Login]&quot;](1)" classname="TestRunner.Run" time="9.275">
    <system-out><![CDATA[
Scenario: Successful Login with Valid Credentials                              # Features/LoginFeature.feature:3
Setup2-Regression method executed..
[INFO ] 2024-03-07 16:50:53.875 [main] Stepdef - Setup executed...
[INFO ] 2024-03-07 16:50:53.956 [main] Stepdef - Browser Launched
  Given User Launch Chrome Browser                                             # StepDefination.Stepdef.user_launch_chrome_browser()
[INFO ] 2024-03-07 16:50:56.023 [main] Stepdef - url open
  When User Open url "https://shopnowonline.in/account/login"                  # StepDefination.Stepdef.user_open_url(java.lang.String)
[INFO ] 2024-03-07 16:50:56.635 [main] Stepdef - enter email and password
  And User enter Email as "yldemo2023@gmail.com" and password as "Shopnow@123" # StepDefination.Stepdef.user_enter_email_as_and_password_as(java.lang.String,java.lang.String)
[INFO ] 2024-03-07 16:50:59.036 [main] Stepdef - Clicked on SignIn Button
  And Click on Sign In button                                                  # StepDefination.Stepdef.click_on_sign_in_button()
[WARN ] 2024-03-07 16:50:59.136 [main] Stepdef - Test passed: Login feature :Page Link text matched.
  Then Home page  Should contain link "Shop Now"                               # StepDefination.Stepdef.home_page_should_contain_link(java.lang.String)
  And Close The browser                                                        # StepDefination.Stepdef.close_the_browser()
Tear Down method executed..
]]></system-out>
    <system-err><![CDATA[SLF4J(W): No SLF4J providers were found.
SLF4J(W): Defaulting to no-operation (NOP) logger implementation
SLF4J(W): See https://www.slf4j.org/codes.html#noProviders for further details.
Mar 07, 2024 4:50:53 PM org.openqa.selenium.devtools.CdpVersionFinder findNearestMatch
WARNING: Unable to find an exact match for CDP version 122, returning the closest version; found: 121; Please update to a Selenium version that supports CDP version 122
]]></system-err>
  </testcase>
</testsuite>