<?xml version="1.0" encoding="UTF-8"?>
<testng-results total="1" passed="1" failed="0" skipped="0">
  <reporter-output>
  </reporter-output>
  <suite started-at="2024-03-07T11:20:49Z" name="Surefire suite" finished-at="2024-03-07T11:20:59Z" duration-ms="10121">
    <groups>
      <group name="cucumber">
        <method signature="AbstractTestNGCucumberTests.runScenario(io.cucumber.testng.PickleWrapper, io.cucumber.testng.FeatureWrapper)[pri:0, instance:TestRunner.Run@2cd76f31]" name="runScenario" class="io.cucumber.testng.AbstractTestNGCucumberTests"/>
      </group> <!-- cucumber -->
    </groups>
    <test started-at="2024-03-07T11:20:49Z" name="Surefire test" finished-at="2024-03-07T11:20:59Z" duration-ms="10121">
      <class name="TestRunner.Run">
        <test-method is-config="true" signature="setUpClass()[pri:0, instance:TestRunner.Run@2cd76f31]" started-at="2024-03-07T16:50:49Z" name="setUpClass" finished-at="2024-03-07T16:50:50Z" duration-ms="703" status="PASS">
          <reporter-output>
          </reporter-output>
        </test-method> <!-- setUpClass -->
        <test-method signature="runScenario(io.cucumber.testng.PickleWrapper, io.cucumber.testng.FeatureWrapper)[pri:0, instance:TestRunner.Run@2cd76f31]" started-at="2024-03-07T16:50:50Z" name="runScenario" description="Runs Cucumber Scenarios" data-provider="scenarios" finished-at="2024-03-07T16:50:59Z" duration-ms="9264" status="PASS">
          <params>
            <param index="0">
              <value>
                <![CDATA["Successful Login with Valid Credentials"]]>
              </value>
            </param>
            <param index="1">
              <value>
                <![CDATA["Optional[Login]"]]>
              </value>
            </param>
          </params>
          <reporter-output>
          </reporter-output>
        </test-method> <!-- runScenario -->
        <test-method is-config="true" signature="tearDownClass()[pri:0, instance:TestRunner.Run@2cd76f31]" started-at="2024-03-07T16:50:59Z" name="tearDownClass" finished-at="2024-03-07T16:50:59Z" duration-ms="134" status="PASS">
          <reporter-output>
          </reporter-output>
        </test-method> <!-- tearDownClass -->
      </class> <!-- TestRunner.Run -->
    </test> <!-- Surefire test -->
  </suite> <!-- Surefire suite -->
</testng-results>
